[debug] [2022-12-03T18:25:18.353Z] ----------------------------------------------------------------------
[debug] [2022-12-03T18:25:18.355Z] Command:       C:\Program Files\nodejs\node.exe C:\Users\Ghassen Khalouaoui\AppData\Roaming\npm\node_modules\firebase-tools\lib\bin\firebase.js init
[debug] [2022-12-03T18:25:18.356Z] CLI Version:   11.16.1
[debug] [2022-12-03T18:25:18.356Z] Platform:      win32
[debug] [2022-12-03T18:25:18.356Z] Node Version:  v16.13.1
[debug] [2022-12-03T18:25:18.357Z] Time:          Sat Dec 03 2022 19:25:18 GMT+0100 (Central European Standard Time)
[debug] [2022-12-03T18:25:18.357Z] ----------------------------------------------------------------------
[debug] 
[debug] [2022-12-03T18:25:18.361Z] >>> [apiv2][query] GET https://firebase-public.firebaseio.com/cli.json [none]
[debug] [2022-12-03T18:25:18.391Z] > command requires scopes: ["email","openid","https://www.googleapis.com/auth/cloudplatformprojects.readonly","https://www.googleapis.com/auth/firebase","https://www.googleapis.com/auth/cloud-platform"]
[debug] [2022-12-03T18:25:18.392Z] > authorizing via signed-in user (ghassen.khalouaoui15@gmail.com)
[info] 
     ######## #### ########  ######## ########     ###     ######  ########
     ##        ##  ##     ## ##       ##     ##  ##   ##  ##       ##
     ######    ##  ########  ######   ########  #########  ######  ######
     ##        ##  ##    ##  ##       ##     ## ##     ##       ## ##
     ##       #### ##     ## ######## ########  ##     ##  ######  ########

You're about to initialize a Firebase project in this directory:

  C:\projects\WebSite

Before we get started, keep in mind:

  * You are currently outside your home directory

[debug] [2022-12-03T18:25:20.218Z] <<< [apiv2][status] GET https://firebase-public.firebaseio.com/cli.json 200
[debug] [2022-12-03T18:25:20.220Z] <<< [apiv2][body] GET https://firebase-public.firebaseio.com/cli.json {"cloudBuildErrorAfter":1594252800000,"cloudBuildWarnAfter":1590019200000,"defaultNode10After":1594252800000,"minVersion":"3.0.5","node8DeploysDisabledAfter":1613390400000,"node8RuntimeDisabledAfter":1615809600000,"node8WarnAfter":1600128000000}
[debug] [2022-12-03T18:28:53.444Z] ----------------------------------------------------------------------
[debug] [2022-12-03T18:28:53.446Z] Command:       C:\Program Files\nodejs\node.exe C:\Users\Ghassen Khalouaoui\AppData\Roaming\npm\node_modules\firebase-tools\lib\bin\firebase.js init
[debug] [2022-12-03T18:28:53.447Z] CLI Version:   11.16.1
[debug] [2022-12-03T18:28:53.447Z] Platform:      win32
[debug] [2022-12-03T18:28:53.447Z] Node Version:  v16.13.1
[debug] [2022-12-03T18:28:53.448Z] Time:          Sat Dec 03 2022 19:28:53 GMT+0100 (Central European Standard Time)
[debug] [2022-12-03T18:28:53.449Z] ----------------------------------------------------------------------
[debug] 
[debug] [2022-12-03T18:28:53.460Z] > command requires scopes: ["email","openid","https://www.googleapis.com/auth/cloudplatformprojects.readonly","https://www.googleapis.com/auth/firebase","https://www.googleapis.com/auth/cloud-platform"]
[debug] [2022-12-03T18:28:53.461Z] > authorizing via signed-in user (ghassen.khalouaoui15@gmail.com)
[info] 
     ######## #### ########  ######## ########     ###     ######  ########
     ##        ##  ##     ## ##       ##     ##  ##   ##  ##       ##
     ######    ##  ########  ######   ########  #########  ######  ######
     ##        ##  ##    ##  ##       ##     ## ##     ##       ## ##
     ##       #### ##     ## ######## ########  ##     ##  ######  ########

You're about to initialize a Firebase project in this directory:

  C:\projects\WebSite

Before we get started, keep in mind:

  * You are currently outside your home directory

[info] 
=== Project Setup
[info] 
[info] First, let's associate this project directory with a Firebase project.
[info] You can create multiple project aliases by running firebase use --add, 
[info] but for now we'll just set up a default project.
[info] 
[debug] [2022-12-03T18:30:57.752Z] > refreshing access token with scopes: []
[debug] [2022-12-03T18:30:57.756Z] >>> [apiv2][query] POST https://www.googleapis.com/oauth2/v3/token [none]
[debug] [2022-12-03T18:30:57.756Z] >>> [apiv2][body] POST https://www.googleapis.com/oauth2/v3/token [omitted]
[debug] [2022-12-03T18:30:58.609Z] <<< [apiv2][status] POST https://www.googleapis.com/oauth2/v3/token 400
[debug] [2022-12-03T18:30:58.610Z] <<< [apiv2][body] POST https://www.googleapis.com/oauth2/v3/token [omitted]
[debug] [2022-12-03T18:30:58.611Z] >>> [apiv2][query] GET https://firebase.googleapis.com/v1beta1/projects pageSize=100
[debug] [2022-12-03T18:30:59.227Z] <<< [apiv2][status] GET https://firebase.googleapis.com/v1beta1/projects 401
[debug] [2022-12-03T18:30:59.228Z] <<< [apiv2][body] GET https://firebase.googleapis.com/v1beta1/projects [omitted]
[debug] [2022-12-03T18:30:59.229Z] HTTP Error: 401, Request had invalid authentication credentials. Expected OAuth 2 access token, login cookie or other valid authentication credential. See https://developers.google.com/identity/sign-in/web/devconsole-project.
[debug] [2022-12-03T18:30:59.231Z] FirebaseError: HTTP Error: 401, Request had invalid authentication credentials. Expected OAuth 2 access token, login cookie or other valid authentication credential. See https://developers.google.com/identity/sign-in/web/devconsole-project.
    at responseToError (C:\Users\Ghassen Khalouaoui\AppData\Roaming\npm\node_modules\firebase-tools\lib\responseToError.js:49:12)
    at RetryOperation._fn (C:\Users\Ghassen Khalouaoui\AppData\Roaming\npm\node_modules\firebase-tools\lib\apiv2.js:288:77)
    at processTicksAndRejections (node:internal/process/task_queues:96:5)
[error] 
[error] Error: Failed to list Firebase projects. See firebase-debug.log for more info.
[debug] [2022-12-03T18:31:19.198Z] ----------------------------------------------------------------------
[debug] [2022-12-03T18:31:19.201Z] Command:       C:\Program Files\nodejs\node.exe C:\Users\Ghassen Khalouaoui\AppData\Roaming\npm\node_modules\firebase-tools\lib\bin\firebase.js init
[debug] [2022-12-03T18:31:19.202Z] CLI Version:   11.16.1
[debug] [2022-12-03T18:31:19.202Z] Platform:      win32
[debug] [2022-12-03T18:31:19.202Z] Node Version:  v16.13.1
[debug] [2022-12-03T18:31:19.203Z] Time:          Sat Dec 03 2022 19:31:19 GMT+0100 (Central European Standard Time)
[debug] [2022-12-03T18:31:19.204Z] ----------------------------------------------------------------------
[debug] 
[debug] [2022-12-03T18:31:19.213Z] > command requires scopes: ["email","openid","https://www.googleapis.com/auth/cloudplatformprojects.readonly","https://www.googleapis.com/auth/firebase","https://www.googleapis.com/auth/cloud-platform"]
[debug] [2022-12-03T18:31:19.213Z] > authorizing via signed-in user (ghassen.khalouaoui15@gmail.com)
[info] 
     ######## #### ########  ######## ########     ###     ######  ########
     ##        ##  ##     ## ##       ##     ##  ##   ##  ##       ##
     ######    ##  ########  ######   ########  #########  ######  ######
     ##        ##  ##    ##  ##       ##     ## ##     ##       ## ##
     ##       #### ##     ## ######## ########  ##     ##  ######  ########

You're about to initialize a Firebase project in this directory:

  C:\projects\WebSite

Before we get started, keep in mind:

  * You are currently outside your home directory

[info] 
=== Project Setup
[info] 
[info] First, let's associate this project directory with a Firebase project.
[info] You can create multiple project aliases by running firebase use --add, 
[info] but for now we'll just set up a default project.
[info] 
[debug] [2022-12-03T18:31:38.234Z] > refreshing access token with scopes: []
[debug] [2022-12-03T18:31:38.236Z] >>> [apiv2][query] POST https://www.googleapis.com/oauth2/v3/token [none]
[debug] [2022-12-03T18:31:38.236Z] >>> [apiv2][body] POST https://www.googleapis.com/oauth2/v3/token [omitted]
[debug] [2022-12-03T18:31:38.842Z] <<< [apiv2][status] POST https://www.googleapis.com/oauth2/v3/token 400
[debug] [2022-12-03T18:31:38.842Z] <<< [apiv2][body] POST https://www.googleapis.com/oauth2/v3/token [omitted]
[debug] [2022-12-03T18:31:38.843Z] >>> [apiv2][query] GET https://firebase.googleapis.com/v1beta1/projects pageSize=100
[debug] [2022-12-03T18:31:39.406Z] <<< [apiv2][status] GET https://firebase.googleapis.com/v1beta1/projects 401
[debug] [2022-12-03T18:31:39.406Z] <<< [apiv2][body] GET https://firebase.googleapis.com/v1beta1/projects [omitted]
[debug] [2022-12-03T18:31:39.409Z] HTTP Error: 401, Request had invalid authentication credentials. Expected OAuth 2 access token, login cookie or other valid authentication credential. See https://developers.google.com/identity/sign-in/web/devconsole-project.
[debug] [2022-12-03T18:31:39.416Z] FirebaseError: HTTP Error: 401, Request had invalid authentication credentials. Expected OAuth 2 access token, login cookie or other valid authentication credential. See https://developers.google.com/identity/sign-in/web/devconsole-project.
    at responseToError (C:\Users\Ghassen Khalouaoui\AppData\Roaming\npm\node_modules\firebase-tools\lib\responseToError.js:49:12)
    at RetryOperation._fn (C:\Users\Ghassen Khalouaoui\AppData\Roaming\npm\node_modules\firebase-tools\lib\apiv2.js:288:77)
    at processTicksAndRejections (node:internal/process/task_queues:96:5)
[error] 
[error] Error: Failed to list Firebase projects. See firebase-debug.log for more info.
